2024-09-23 19:24:20,358 - ERROR - Error processing file RDApp-631604Yocum005.jpg.txt: Invalid JSON format: Unable to find '{' or '}'.
2024-09-23 19:24:20,640 - ERROR - Error processing file RDApp-631604Yocum003.jpg.txt: Invalid JSON format: Unable to find '{' or '}'.
2024-09-23 19:24:20,776 - ERROR - Error processing file RDApp-631604Yocum001.jpg.txt: Invalid JSON format: Unable to find '{' or '}'.
2024-09-23 19:24:20,915 - ERROR - Error processing file RDApp-631604Yocum004.jpg.txt: Invalid JSON format: Unable to find '{' or '}'.
2024-09-23 19:24:21,011 - ERROR - Error processing file RDApp-631604Yocum006.jpg.txt: Invalid JSON format: Unable to find '{' or '}'.
2024-09-23 19:24:21,188 - ERROR - Error processing file RDApp-631604Yocum002.jpg.txt: Invalid JSON format: Unable to find '{' or '}'.
2024-09-23 19:24:21,370 - ERROR - Error processing file RDApp-631606Kinsey006.jpg.txt: Invalid JSON format: Unable to find '{' or '}'.
2024-09-23 19:24:21,460 - ERROR - Error processing file RDApp-631606Kinsey009.jpg.txt: Invalid JSON format: Unable to find '{' or '}'.
2024-09-23 19:24:21,551 - ERROR - Error processing file RDApp-631606Kinsey001.jpg.txt: Invalid JSON format: Unable to find '{' or '}'.
2024-09-23 19:24:21,644 - ERROR - Error processing file RDApp-631606Kinsey007.jpg.txt: Invalid JSON format: Unable to find '{' or '}'.
2024-09-23 19:24:21,749 - ERROR - Error processing file RDApp-631606Kinsey008.jpg.txt: Invalid JSON format: Unable to find '{' or '}'.
2024-09-23 19:24:21,839 - ERROR - Error processing file RDApp-631606Kinsey002.jpg.txt: Invalid JSON format after cleaning.
2024-09-23 19:24:21,993 - ERROR - Error processing file RDApp-631606Kinsey005.jpg.txt: Invalid JSON format: Unable to find '{' or '}'.
2024-09-23 19:24:22,175 - ERROR - Error processing file RDApp-631606Kinsey003.jpg.txt: Invalid JSON format: Unable to find '{' or '}'.
2024-09-23 19:24:22,281 - ERROR - Error processing file RDApp-631606Kinsey004.jpg.txt: Invalid JSON format: Unable to find '{' or '}'.
2024-09-23 19:24:22,368 - ERROR - Error processing file RDApp-631084Crowther001.jpg.txt: Invalid JSON format: Unable to find '{' or '}'.
2024-09-23 19:24:22,483 - ERROR - Error processing file RDApp-631084Crowther003.jpg.txt: Invalid JSON format: Unable to find '{' or '}'.
2024-09-23 19:24:22,574 - ERROR - Error processing file RDApp-631084Crowther004.jpg.txt: Invalid JSON format: Unable to find '{' or '}'.
2024-09-23 19:24:22,675 - ERROR - Error processing file RDApp-631084Crowther002.jpg.txt: Invalid JSON format: Unable to find '{' or '}'.
2024-09-23 19:24:22,790 - ERROR - Error processing file RDApp-631084Crowther005.jpg.txt: Invalid JSON format: Unable to find '{' or '}'.
2024-09-23 19:24:22,900 - ERROR - Error processing file RDApp-630602Costello003.jpg.txt: Invalid JSON format: Unable to find '{' or '}'.
2024-09-23 19:24:22,993 - ERROR - Error processing file RDApp-630602Costello001.jpg.txt: Invalid JSON format: Unable to find '{' or '}'.
2024-09-23 19:29:06,285 - ERROR - Error processing file RDApp-631604Yocum005.jpg.txt: Invalid JSON format: Unable to find '{' or '}'.
2024-09-23 19:29:06,584 - ERROR - Error processing file RDApp-631604Yocum003.jpg.txt: Invalid JSON format: Unable to find '{' or '}'.
2024-09-23 19:29:06,739 - ERROR - Error processing file RDApp-631604Yocum001.jpg.txt: Invalid JSON format: Unable to find '{' or '}'.
2024-09-23 19:29:06,864 - ERROR - Error processing file RDApp-631604Yocum004.jpg.txt: Invalid JSON format: Unable to find '{' or '}'.
2024-09-23 19:29:07,068 - ERROR - Error processing file RDApp-631604Yocum006.jpg.txt: Invalid JSON format: Unable to find '{' or '}'.
2024-09-23 19:29:07,347 - ERROR - Error processing file RDApp-631604Yocum002.jpg.txt: Invalid JSON format: Unable to find '{' or '}'.
2024-09-23 19:29:07,592 - ERROR - Error processing file RDApp-631606Kinsey006.jpg.txt: Invalid JSON format: Unable to find '{' or '}'.
2024-09-23 19:29:07,725 - ERROR - Error processing file RDApp-631606Kinsey009.jpg.txt: Invalid JSON format: Unable to find '{' or '}'.
2024-09-23 19:29:07,872 - ERROR - Error processing file RDApp-631606Kinsey001.jpg.txt: Invalid JSON format: Unable to find '{' or '}'.
2024-09-23 19:29:07,995 - ERROR - Error processing file RDApp-631606Kinsey007.jpg.txt: Invalid JSON format: Unable to find '{' or '}'.
2024-09-23 19:29:08,195 - ERROR - Error processing file RDApp-631606Kinsey008.jpg.txt: Invalid JSON format: Unable to find '{' or '}'.
2024-09-23 19:29:08,303 - ERROR - Error processing file RDApp-631606Kinsey002.jpg.txt: Invalid JSON format after cleaning.
2024-09-23 19:29:08,433 - ERROR - Error processing file RDApp-631606Kinsey005.jpg.txt: Invalid JSON format: Unable to find '{' or '}'.
2024-09-23 19:29:08,536 - ERROR - Error processing file RDApp-631606Kinsey003.jpg.txt: Invalid JSON format: Unable to find '{' or '}'.
2024-09-23 19:29:08,647 - ERROR - Error processing file RDApp-631606Kinsey004.jpg.txt: Invalid JSON format: Unable to find '{' or '}'.
2024-09-23 19:29:08,747 - ERROR - Error processing file RDApp-631084Crowther001.jpg.txt: Invalid JSON format: Unable to find '{' or '}'.
2024-09-23 19:29:08,877 - ERROR - Error processing file RDApp-631084Crowther003.jpg.txt: Invalid JSON format: Unable to find '{' or '}'.
2024-09-23 19:29:08,973 - ERROR - Error processing file RDApp-631084Crowther004.jpg.txt: Invalid JSON format: Unable to find '{' or '}'.
2024-09-23 19:29:09,098 - ERROR - Error processing file RDApp-631084Crowther002.jpg.txt: Invalid JSON format: Unable to find '{' or '}'.
2024-09-23 19:29:09,196 - ERROR - Error processing file RDApp-631084Crowther005.jpg.txt: Invalid JSON format: Unable to find '{' or '}'.
2024-09-23 19:29:09,282 - ERROR - Error processing file RDApp-630602Costello003.jpg.txt: Invalid JSON format: Unable to find '{' or '}'.
2024-09-23 19:29:09,371 - ERROR - Error processing file RDApp-630602Costello001.jpg.txt: Invalid JSON format: Unable to find '{' or '}'.
2024-09-23 19:29:09,475 - ERROR - Error processing file RDApp-630602Costello004.jpg.txt: Invalid JSON format: Unable to find '{' or '}'.
2024-09-23 19:29:09,614 - ERROR - Error processing file RDApp-630602Costello005.jpg.txt: Invalid JSON format: Unable to find '{' or '}'.
2024-09-23 19:29:09,713 - ERROR - Error processing file RDApp-630602Costello002.jpg.txt: Invalid JSON format: Unable to find '{' or '}'.
2024-09-23 19:29:09,813 - ERROR - Error processing file RDApp-631147Farrence003.jpg.txt: Invalid JSON format: Unable to find '{' or '}'.
2024-09-23 19:29:09,920 - ERROR - Error processing file RDApp-631147Farrence004.jpg.txt: Invalid JSON format: Unable to find '{' or '}'.
2024-09-23 19:29:10,029 - ERROR - Error processing file RDApp-631147Farrence002.jpg.txt: Invalid JSON format: Unable to find '{' or '}'.
2024-09-23 19:29:10,116 - ERROR - Error processing file RDApp-631147Farrence001.jpg.txt: Invalid JSON format: Unable to find '{' or '}'.
2024-09-23 19:29:10,206 - ERROR - Error processing file RDApp-631086Domenico004.jpg.txt: Invalid JSON format: Unable to find '{' or '}'.
2024-09-23 19:29:10,299 - ERROR - Error processing file RDApp-631086Domenico002.jpg.txt: Invalid JSON format: Unable to find '{' or '}'.
2024-09-23 19:29:10,395 - ERROR - Error processing file RDApp-631086Domenico005.jpg.txt: Invalid JSON format after cleaning.
2024-09-23 19:29:10,508 - ERROR - Error processing file RDApp-631086Domenico003.jpg.txt: Invalid JSON format: Unable to find '{' or '}'.
2024-09-23 19:29:10,612 - ERROR - Error processing file RDApp-631086Domenico001.jpg.txt: Invalid JSON format: Unable to find '{' or '}'.
2024-09-23 19:29:10,743 - ERROR - Error processing file RDApp-631615Emmons003.jpg.txt: Invalid JSON format: Unable to find '{' or '}'.
2024-09-23 19:29:10,830 - ERROR - Error processing file RDApp-631615Emmons002.jpg.txt: Invalid JSON format: Unable to find '{' or '}'.
2024-09-23 19:29:10,920 - ERROR - Error processing file RDApp-631615Emmons001.jpg.txt: Invalid JSON format: Unable to find '{' or '}'.
2024-09-23 19:29:11,040 - ERROR - Error processing file RDApp-631615Emmons005.jpg.txt: Invalid JSON format: Unable to find '{' or '}'.
2024-09-23 19:29:11,139 - ERROR - Error processing file RDApp-631615Emmons004.jpg.txt: Invalid JSON format: Unable to find '{' or '}'.
2024-09-23 19:29:11,303 - ERROR - Error processing file RDApp-631082Landon003.jpg.txt: Invalid JSON format: Unable to find '{' or '}'.
2024-09-23 19:29:11,401 - ERROR - Error processing file RDApp-631082Landon004.jpg.txt: Invalid JSON format after cleaning.
2024-09-23 19:29:11,504 - ERROR - Error processing file RDApp-631082Landon002.jpg.txt: Invalid JSON format: Unable to find '{' or '}'.
2024-09-23 19:29:11,648 - ERROR - Error processing file RDApp-631082Landon001.jpg.txt: Invalid JSON format: Unable to find '{' or '}'.
2024-09-23 19:29:11,780 - ERROR - Error processing file RDApp-631617Parks002.jpg.txt: Invalid JSON format: Unable to find '{' or '}'.
2024-09-23 19:29:11,902 - ERROR - Error processing file RDApp-631617Parks005.jpg.txt: Invalid JSON format: Unable to find '{' or '}'.
2024-09-23 19:29:12,049 - ERROR - Error processing file RDApp-631617Parks003.jpg.txt: Invalid JSON format: Unable to find '{' or '}'.
2024-09-23 19:29:12,158 - ERROR - Error processing file RDApp-631617Parks004.jpg.txt: Invalid JSON format: Unable to find '{' or '}'.
2024-09-23 19:29:12,290 - ERROR - Error processing file RDApp-631617Parks001.jpg.txt: Invalid JSON format: Unable to find '{' or '}'.
2024-09-23 19:29:12,434 - ERROR - Error processing file RDApp-631127Stevenson003.jpg.txt: Invalid JSON format: Unable to find '{' or '}'.
2024-09-23 19:29:12,548 - ERROR - Error processing file RDApp-631127Stevenson005.jpg.txt: Invalid JSON format: Unable to find '{' or '}'.
2024-09-23 19:29:12,663 - ERROR - Error processing file RDApp-631127Stevenson004.jpg.txt: Invalid JSON format: Unable to find '{' or '}'.
2024-09-23 19:29:12,764 - ERROR - Error processing file RDApp-631127Stevenson002.jpg.txt: Invalid JSON format after cleaning.
2024-09-23 19:29:12,890 - ERROR - Error processing file RDApp-631127Stevenson001.jpg.txt: Invalid JSON format: Unable to find '{' or '}'.
2024-09-23 19:29:13,031 - ERROR - Error processing file RDApp-631609Thompson001.jpg.txt: Invalid JSON format: Unable to find '{' or '}'.
2024-09-23 19:29:13,152 - ERROR - Error processing file RDApp-631609Thompson003.jpg.txt: Invalid JSON format: Unable to find '{' or '}'.
2024-09-23 19:29:13,275 - ERROR - Error processing file RDApp-631609Thompson002.jpg.txt: Invalid JSON format after cleaning.
2024-09-23 19:29:13,375 - ERROR - Error processing file RDApp-631609Thompson004.jpg.txt: Invalid JSON format: Unable to find '{' or '}'.
2024-09-23 19:29:13,481 - ERROR - Error processing file RDApp-631609Thompson005.jpg.txt: Invalid JSON format: Unable to find '{' or '}'.
2024-09-23 19:29:13,619 - ERROR - Error processing file RDApp-631135Dardio003.jpg.txt: Invalid JSON format: Unable to find '{' or '}'.
2024-09-23 19:29:13,733 - ERROR - Error processing file RDApp-631135Dardio002.jpg.txt: Invalid JSON format: Unable to find '{' or '}'.
2024-09-23 19:29:13,863 - ERROR - Error processing file RDApp-631135Dardio004.jpg.txt: Invalid JSON format: Unable to find '{' or '}'.
2024-09-23 19:29:13,979 - ERROR - Error processing file RDApp-631135Dardio005.jpg.txt: Invalid JSON format: Unable to find '{' or '}'.
2024-09-23 19:29:14,186 - ERROR - Error processing file RDApp-631135Dardio001.jpg.txt: Invalid JSON format: Unable to find '{' or '}'.
2024-09-23 19:29:14,485 - ERROR - Error processing file RDApp-631627Myers004.jpg.txt: Invalid JSON format: Unable to find '{' or '}'.
2024-09-23 19:29:14,598 - ERROR - Error processing file RDApp-631627Myers007.jpg.txt: Invalid JSON format: Unable to find '{' or '}'.
2024-09-23 19:29:14,715 - ERROR - Error processing file RDApp-631627Myers006.jpg.txt: Invalid JSON format: Unable to find '{' or '}'.
2024-09-23 19:29:14,885 - ERROR - Error processing file RDApp-631627Myers003.jpg.txt: Invalid JSON format: Unable to find '{' or '}'.
2024-09-23 19:29:15,143 - ERROR - Error processing file RDApp-631627Myers001.jpg.txt: Invalid JSON format: Unable to find '{' or '}'.
2024-09-23 19:29:15,408 - ERROR - Error processing file RDApp-631627Myers008.jpg.txt: Invalid JSON format: Unable to find '{' or '}'.
2024-09-23 19:29:15,540 - ERROR - Error processing file RDApp-631627Myers002.jpg.txt: Invalid JSON format: Unable to find '{' or '}'.
2024-09-23 19:29:15,669 - ERROR - Error processing file RDApp-631627Myers005.jpg.txt: Invalid JSON format: Unable to find '{' or '}'.
2024-09-23 19:29:15,791 - ERROR - Error processing file RDApp-631629Browning007.jpg.txt: Invalid JSON format after cleaning.
2024-09-23 19:29:15,972 - ERROR - Error processing file RDApp-631629Browning003.jpg.txt: Invalid JSON format: Unable to find '{' or '}'.
2024-09-23 19:29:16,104 - ERROR - Error processing file RDApp-631629Browning005.jpg.txt: Invalid JSON format: Unable to find '{' or '}'.
2024-09-23 19:29:16,280 - ERROR - Error processing file RDApp-631629Browning013.jpg.txt: Invalid JSON format: Unable to find '{' or '}'.
2024-09-23 19:29:16,392 - ERROR - Error processing file RDApp-631629Browning004.jpg.txt: Invalid JSON format: Unable to find '{' or '}'.
2024-09-23 19:29:16,508 - ERROR - Error processing file RDApp-631629Browning002.jpg.txt: Invalid JSON format: Unable to find '{' or '}'.
2024-09-23 19:29:16,627 - ERROR - Error processing file RDApp-631629Browning011.jpg.txt: Invalid JSON format: Unable to find '{' or '}'.
2024-09-23 19:29:16,772 - ERROR - Error processing file RDApp-631629Browning008.jpg.txt: Invalid JSON format: Unable to find '{' or '}'.
2024-09-23 19:29:17,001 - ERROR - Error processing file RDApp-631629Browning001.jpg.txt: Invalid JSON format: Unable to find '{' or '}'.
2024-09-23 19:29:17,133 - ERROR - Error processing file RDApp-631629Browning009.jpg.txt: Invalid JSON format: Unable to find '{' or '}'.
2024-09-23 19:29:17,256 - ERROR - Error processing file RDApp-631629Browning014.jpg.txt: Invalid JSON format: Unable to find '{' or '}'.
2024-09-23 19:29:17,400 - ERROR - Error processing file RDApp-631629Browning006.jpg.txt: Invalid JSON format: Unable to find '{' or '}'.
2024-09-23 19:29:17,513 - ERROR - Error processing file RDApp-631629Browning010.jpg.txt: Invalid JSON format: Unable to find '{' or '}'.
2024-09-23 19:29:17,649 - ERROR - Error processing file RDApp-631629Browning012.jpg.txt: Invalid JSON format: Unable to find '{' or '}'.
2024-09-23 19:29:17,808 - ERROR - Error processing file RDApp-631591Musseri002.jpg.txt: Invalid JSON format: Unable to find '{' or '}'.
2024-09-23 19:29:17,961 - ERROR - Error processing file RDApp-631591Musseri003.jpg.txt: Invalid JSON format: Unable to find '{' or '}'.
2024-09-23 19:29:18,078 - ERROR - Error processing file RDApp-631591Musseri001.jpg.txt: Invalid JSON format: Unable to find '{' or '}'.
2024-09-23 19:29:18,196 - ERROR - Error processing file RDApp-631591Musseri004.jpg.txt: Invalid JSON format: Unable to find '{' or '}'.
2024-09-23 19:29:18,339 - ERROR - Error processing file RDApp-631622Smith005.jpg.txt: Invalid JSON format: Unable to find '{' or '}'.
2024-09-23 19:29:18,482 - ERROR - Error processing file RDApp-631622Smith004.jpg.txt: Invalid JSON format: Unable to find '{' or '}'.
2024-09-23 19:29:18,611 - ERROR - Error processing file RDApp-631622Smith003.jpg.txt: Invalid JSON format: Unable to find '{' or '}'.
2024-09-23 19:29:18,725 - ERROR - Error processing file RDApp-631622Smith006.jpg.txt: Invalid JSON format: Unable to find '{' or '}'.
2024-09-23 19:29:19,073 - ERROR - Error processing file RDApp-631622Smith007.jpg.txt: Invalid JSON format: Unable to find '{' or '}'.
2024-09-23 19:29:19,319 - ERROR - Error processing file RDApp-631622Smith002.jpg.txt: Invalid JSON format: Unable to find '{' or '}'.
2024-09-23 19:29:19,506 - ERROR - Error processing file RDApp-631622Smith001.jpg.txt: Invalid JSON format: Unable to find '{' or '}'.
2024-09-23 19:29:19,619 - ERROR - Error processing file RDApp-631622Smith010.jpg.txt: Invalid JSON format: Unable to find '{' or '}'.
2024-09-23 19:29:19,773 - ERROR - Error processing file RDApp-631622Smith009.jpg.txt: Invalid JSON format after cleaning.
2024-09-23 19:29:19,906 - ERROR - Error processing file RDApp-631622Smith008.jpg.txt: Invalid JSON format: Unable to find '{' or '}'.
2024-09-23 19:29:20,096 - ERROR - Error processing file RDApp-631624Rattini001.jpg.txt: Invalid JSON format: Unable to find '{' or '}'.
2024-09-23 19:29:20,218 - ERROR - Error processing file RDApp-631624Rattini004.jpg.txt: Invalid JSON format: Unable to find '{' or '}'.
2024-09-23 19:29:20,356 - ERROR - Error processing file RDApp-631624Rattini003.jpg.txt: Invalid JSON format: Unable to find '{' or '}'.
2024-09-23 19:29:20,487 - ERROR - Error processing file RDApp-631624Rattini002.jpg.txt: Invalid JSON format: Unable to find '{' or '}'.
2024-09-23 19:29:20,644 - ERROR - Error processing file RDApp-631129McDonald005.jpg.txt: Invalid JSON format: Unable to find '{' or '}'.
2024-09-23 19:29:20,786 - ERROR - Error processing file RDApp-631129McDonald001.jpg.txt: Invalid JSON format: Unable to find '{' or '}'.
2024-09-23 19:29:20,925 - ERROR - Error processing file RDApp-631129McDonald004.jpg.txt: Invalid JSON format: Unable to find '{' or '}'.
2024-09-23 19:29:21,073 - ERROR - Error processing file RDApp-631129McDonald006.jpg.txt: Invalid JSON format: Unable to find '{' or '}'.
2024-09-23 19:29:21,188 - ERROR - Error processing file RDApp-631129McDonald002.jpg.txt: Invalid JSON format after cleaning.
2024-09-23 19:29:21,407 - ERROR - Error processing file RDApp-631129McDonald003.jpg.txt: Invalid JSON format: Unable to find '{' or '}'.
2024-09-23 19:29:21,613 - ERROR - Error processing file RDApp-630601See004.jpg.txt: Invalid JSON format: Unable to find '{' or '}'.
2024-09-23 19:29:21,797 - ERROR - Error processing file RDApp-630601See002.jpg.txt: Invalid JSON format: Unable to find '{' or '}'.
2024-09-23 19:29:21,999 - ERROR - Error processing file RDApp-630601See001.jpg.txt: Invalid JSON format: Unable to find '{' or '}'.
2024-09-23 19:29:22,220 - ERROR - Error processing file RDApp-630601See005.jpg.txt: Invalid JSON format after cleaning.
2024-09-23 19:29:22,392 - ERROR - Error processing file RDApp-630601See003.jpg.txt: Invalid JSON format: Unable to find '{' or '}'.
2024-09-23 19:29:22,562 - ERROR - Error processing file RDApp-631140Williams027.jpg.txt: Invalid JSON format after cleaning.
2024-09-23 19:29:22,735 - ERROR - Error processing file RDApp-631140Williams017.jpg.txt: Invalid JSON format: Unable to find '{' or '}'.
2024-09-23 19:29:22,863 - ERROR - Error processing file RDApp-631140Williams009.jpg.txt: Invalid JSON format: Unable to find '{' or '}'.
2024-09-23 19:29:22,992 - ERROR - Error processing file RDApp-631140Williams002.jpg.txt: Invalid JSON format: Unable to find '{' or '}'.
2024-09-23 19:29:23,149 - ERROR - Error processing file RDApp-631140Williams035.jpg.txt: Invalid JSON format: Unable to find '{' or '}'.
2024-09-23 19:29:23,351 - ERROR - Error processing file RDApp-631140Williams023.jpg.txt: Invalid JSON format: Unable to find '{' or '}'.
2024-09-23 19:29:23,561 - ERROR - Error processing file RDApp-631140Williams034.jpg.txt: Invalid JSON format: Unable to find '{' or '}'.
2024-09-23 19:29:23,734 - ERROR - Error processing file RDApp-631140Williams016.jpg.txt: Invalid JSON format: Unable to find '{' or '}'.
2024-09-23 19:29:24,160 - ERROR - Error processing file RDApp-631140Williams029.jpg.txt: Invalid JSON format: Unable to find '{' or '}'.
2024-09-23 19:29:24,343 - ERROR - Error processing file RDApp-631140Williams003.jpg.txt: Invalid JSON format: Unable to find '{' or '}'.
2024-09-23 19:29:24,508 - ERROR - Error processing file RDApp-631140Williams025.jpg.txt: Invalid JSON format: Unable to find '{' or '}'.
2024-09-23 19:29:24,738 - ERROR - Error processing file RDApp-631140Williams005.jpg.txt: Invalid JSON format: Unable to find '{' or '}'.
2024-09-23 19:29:24,959 - ERROR - Error processing file RDApp-631140Williams026.jpg.txt: Invalid JSON format: Unable to find '{' or '}'.
2024-09-23 19:29:25,116 - ERROR - Error processing file RDApp-631140Williams004.jpg.txt: Invalid JSON format: Unable to find '{' or '}'.
2024-09-23 19:29:25,234 - ERROR - Error processing file RDApp-631140Williams018.jpg.txt: Invalid JSON format: Unable to find '{' or '}'.
2024-09-23 19:29:25,390 - ERROR - Error processing file RDApp-631140Williams022.jpg.txt: Invalid JSON format: Unable to find '{' or '}'.
2024-09-23 19:29:25,534 - ERROR - Error processing file RDApp-631140Williams021.jpg.txt: Invalid JSON format: Unable to find '{' or '}'.
2024-09-23 19:29:25,655 - ERROR - Error processing file RDApp-631140Williams010.jpg.txt: Invalid JSON format: Unable to find '{' or '}'.
2024-09-23 19:29:25,788 - ERROR - Error processing file RDApp-631140Williams006.jpg.txt: Invalid JSON format: Unable to find '{' or '}'.
2024-09-23 19:29:25,904 - ERROR - Error processing file RDApp-631140Williams030.jpg.txt: Invalid JSON format: Unable to find '{' or '}'.
2024-09-23 19:29:26,023 - ERROR - Error processing file RDApp-631140Williams012.jpg.txt: Invalid JSON format: Unable to find '{' or '}'.
2024-09-23 19:29:26,215 - ERROR - Error processing file RDApp-631140Williams001.jpg.txt: Invalid JSON format: Unable to find '{' or '}'.
2024-09-23 19:29:26,341 - ERROR - Error processing file RDApp-631140Williams024.jpg.txt: Invalid JSON format: Unable to find '{' or '}'.
2024-09-23 19:29:26,474 - ERROR - Error processing file RDApp-631140Williams008.jpg.txt: Invalid JSON format: Unable to find '{' or '}'.
2024-09-23 19:29:26,620 - ERROR - Error processing file RDApp-631140Williams033.jpg.txt: Invalid JSON format: Unable to find '{' or '}'.
2024-09-23 19:29:26,761 - ERROR - Error processing file RDApp-631140Williams011.jpg.txt: Invalid JSON format: Unable to find '{' or '}'.
2024-09-23 19:29:26,919 - ERROR - Error processing file RDApp-631140Williams014.jpg.txt: Invalid JSON format: Unable to find '{' or '}'.
2024-09-23 19:29:27,088 - ERROR - Error processing file RDApp-631140Williams015.jpg.txt: Invalid JSON format: Unable to find '{' or '}'.
2024-09-23 19:29:27,278 - ERROR - Error processing file RDApp-631140Williams020.jpg.txt: Invalid JSON format: Unable to find '{' or '}'.
2024-09-23 19:29:27,377 - ERROR - Error processing file RDApp-631140Williams032.jpg.txt: Invalid JSON format: Unable to find '{' or '}'.
2024-09-23 19:29:27,484 - ERROR - Error processing file RDApp-631140Williams013.jpg.txt: Invalid JSON format: Unable to find '{' or '}'.
2024-09-23 19:29:27,592 - ERROR - Error processing file RDApp-631140Williams019.jpg.txt: Invalid JSON format: Unable to find '{' or '}'.
2024-09-23 19:29:27,778 - ERROR - Error processing file RDApp-631140Williams028.jpg.txt: Invalid JSON format after cleaning.
2024-09-23 19:29:27,962 - ERROR - Error processing file RDApp-631140Williams031.jpg.txt: Invalid JSON format: Unable to find '{' or '}'.
2024-09-23 19:29:28,212 - ERROR - Error processing file RDApp-631140Williams007.jpg.txt: Invalid JSON format: Unable to find '{' or '}'.
2024-09-23 19:29:28,351 - ERROR - Error processing file RDApp-631146Lorentz001.jpg.txt: Invalid JSON format: Unable to find '{' or '}'.
2024-09-23 19:29:28,477 - ERROR - Error processing file RDApp-631146Lorentz005.jpg.txt: Invalid JSON format: Unable to find '{' or '}'.
2024-09-23 19:29:28,593 - ERROR - Error processing file RDApp-631146Lorentz003.jpg.txt: Invalid JSON format: Unable to find '{' or '}'.
2024-09-23 19:29:28,723 - ERROR - Error processing file RDApp-631146Lorentz002.jpg.txt: Invalid JSON format: Unable to find '{' or '}'.
2024-09-23 19:29:28,845 - ERROR - Error processing file RDApp-631146Lorentz004.jpg.txt: Invalid JSON format: Unable to find '{' or '}'.
2024-09-23 19:29:29,022 - ERROR - Error processing file RDApp-631147Farrence003.jpg.txt: Invalid JSON format: Unable to find '{' or '}'.
2024-09-23 19:29:29,157 - ERROR - Error processing file RDApp-631147Farrence004.jpg.txt: Invalid JSON format: Unable to find '{' or '}'.
2024-09-23 19:29:29,292 - ERROR - Error processing file RDApp-631147Farrence002.jpg.txt: Invalid JSON format: Unable to find '{' or '}'.
2024-09-23 19:29:29,404 - ERROR - Error processing file RDApp-631147Farrence001.jpg.txt: Invalid JSON format: Unable to find '{' or '}'.
2024-09-23 19:29:29,568 - ERROR - Error processing file RDApp-631149Bender004.jpg.txt: Invalid JSON format: Unable to find '{' or '}'.
2024-09-23 19:29:29,701 - ERROR - Error processing file RDApp-631149Bender003.jpg.txt: Invalid JSON format: Unable to find '{' or '}'.
2024-09-23 19:29:29,818 - ERROR - Error processing file RDApp-631149Bender002.jpg.txt: Invalid JSON format: Unable to find '{' or '}'.
2024-09-23 19:29:29,939 - ERROR - Error processing file RDApp-631149Bender005.jpg.txt: Invalid JSON format: Unable to find '{' or '}'.
2024-09-23 19:29:30,052 - ERROR - Error processing file RDApp-631149Bender001.jpg.txt: Invalid JSON format: Unable to find '{' or '}'.
2024-09-23 19:29:30,164 - ERROR - Error processing file RDApp-631149Bender006.jpg.txt: Invalid JSON format: Unable to find '{' or '}'.
2024-09-23 19:29:30,301 - ERROR - Error processing file RDApp-631148Schnaidt013.jpg.txt: Invalid JSON format: Unable to find '{' or '}'.
2024-09-23 19:29:30,424 - ERROR - Error processing file RDApp-631148Schnaidt022.jpg.txt: Invalid JSON format: Unable to find '{' or '}'.
2024-09-23 19:29:30,558 - ERROR - Error processing file RDApp-631148Schnaidt025.jpg.txt: Invalid JSON format: Unable to find '{' or '}'.
2024-09-23 19:29:30,930 - ERROR - Error processing file RDApp-631148Schnaidt008.jpg.txt: Invalid JSON format: Unable to find '{' or '}'.
2024-09-23 19:29:31,093 - ERROR - Error processing file RDApp-631148Schnaidt015.jpg.txt: Invalid JSON format: Unable to find '{' or '}'.
2024-09-23 19:29:31,281 - ERROR - Error processing file RDApp-631148Schnaidt016.jpg.txt: Invalid JSON format after cleaning.
2024-09-23 19:29:31,634 - ERROR - Error processing file RDApp-631148Schnaidt003.jpg.txt: Invalid JSON format: Unable to find '{' or '}'.
2024-09-23 19:29:31,871 - ERROR - Error processing file RDApp-631148Schnaidt014.jpg.txt: Invalid JSON format: Unable to find '{' or '}'.
2024-09-23 19:29:32,329 - ERROR - Error processing file RDApp-631148Schnaidt026.jpg.txt: Invalid JSON format: Unable to find '{' or '}'.
2024-09-23 19:29:32,566 - ERROR - Error processing file RDApp-631148Schnaidt006.jpg.txt: Invalid JSON format: Unable to find '{' or '}'.
2024-09-23 19:29:32,689 - ERROR - Error processing file RDApp-631148Schnaidt028.jpg.txt: Invalid JSON format: Unable to find '{' or '}'.
2024-09-23 19:29:32,835 - ERROR - Error processing file RDApp-631148Schnaidt001.jpg.txt: Invalid JSON format: Unable to find '{' or '}'.
2024-09-23 19:29:32,951 - ERROR - Error processing file RDApp-631148Schnaidt011.jpg.txt: Invalid JSON format: Unable to find '{' or '}'.
2024-09-23 19:29:33,068 - ERROR - Error processing file RDApp-631148Schnaidt018.jpg.txt: Invalid JSON format: Unable to find '{' or '}'.
2024-09-23 19:29:33,242 - ERROR - Error processing file RDApp-631148Schnaidt024.jpg.txt: Invalid JSON format: Unable to find '{' or '}'.
2024-09-23 19:29:33,353 - ERROR - Error processing file RDApp-631148Schnaidt002.jpg.txt: Invalid JSON format: Unable to find '{' or '}'.
2024-09-23 19:29:33,478 - ERROR - Error processing file RDApp-631148Schnaidt029.jpg.txt: Invalid JSON format: Unable to find '{' or '}'.
2024-09-23 19:29:33,604 - ERROR - Error processing file RDApp-631148Schnaidt005.jpg.txt: Invalid JSON format: Unable to find '{' or '}'.
2024-09-23 19:29:33,717 - ERROR - Error processing file RDApp-631148Schnaidt019.jpg.txt: Invalid JSON format: Unable to find '{' or '}'.
2024-09-23 19:29:33,841 - ERROR - Error processing file RDApp-631148Schnaidt017.jpg.txt: Invalid JSON format: Unable to find '{' or '}'.
2024-09-23 19:29:33,954 - ERROR - Error processing file RDApp-631148Schnaidt023.jpg.txt: Invalid JSON format: Unable to find '{' or '}'.
2024-09-23 19:29:34,068 - ERROR - Error processing file RDApp-631148Schnaidt020.jpg.txt: Invalid JSON format: Unable to find '{' or '}'.
2024-09-23 19:29:34,196 - ERROR - Error processing file RDApp-631148Schnaidt009.jpg.txt: Invalid JSON format: Unable to find '{' or '}'.
2024-09-23 19:29:34,321 - ERROR - Error processing file RDApp-631148Schnaidt004.jpg.txt: Invalid JSON format: Unable to find '{' or '}'.
2024-09-23 19:29:34,441 - ERROR - Error processing file RDApp-631148Schnaidt010.jpg.txt: Invalid JSON format: Unable to find '{' or '}'.
2024-09-23 19:29:34,552 - ERROR - Error processing file RDApp-631148Schnaidt012.jpg.txt: Invalid JSON format after cleaning.
2024-09-23 19:29:34,728 - ERROR - Error processing file RDApp-631148Schnaidt027.jpg.txt: Invalid JSON format: Unable to find '{' or '}'.
2024-09-23 19:29:34,856 - ERROR - Error processing file RDApp-631148Schnaidt021.jpg.txt: Invalid JSON format: Unable to find '{' or '}'.
2024-09-23 19:29:34,996 - ERROR - Error processing file RDApp-631148Schnaidt031.jpg.txt: Invalid JSON format: Unable to find '{' or '}'.
2024-09-23 19:29:35,127 - ERROR - Error processing file RDApp-631148Schnaidt007.jpg.txt: Invalid JSON format: Unable to find '{' or '}'.
2024-09-23 19:29:35,239 - ERROR - Error processing file RDApp-631148Schnaidt030.jpg.txt: Invalid JSON format: Unable to find '{' or '}'.
2024-09-23 19:29:35,370 - ERROR - Error processing file RDApp-631093Harris019.jpg.txt: Invalid JSON format after cleaning.
2024-09-23 19:29:35,546 - ERROR - Error processing file RDApp-631093Harris023.jpg.txt: Invalid JSON format: Unable to find '{' or '}'.
2024-09-23 19:29:35,658 - ERROR - Error processing file RDApp-631093Harris012.jpg.txt: Invalid JSON format: Unable to find '{' or '}'.
2024-09-23 19:29:35,808 - ERROR - Error processing file RDApp-631093Harris002.jpg.txt: Invalid JSON format: Unable to find '{' or '}'.
2024-09-23 19:29:35,916 - ERROR - Error processing file RDApp-631093Harris014.jpg.txt: Invalid JSON format: Unable to find '{' or '}'.
2024-09-23 19:29:36,057 - ERROR - Error processing file RDApp-631093Harris026.jpg.txt: Invalid JSON format: Unable to find '{' or '}'.
2024-09-23 19:29:36,173 - ERROR - Error processing file RDApp-631093Harris007.jpg.txt: Invalid JSON format: Unable to find '{' or '}'.
2024-09-23 19:29:36,299 - ERROR - Error processing file RDApp-631093Harris011.jpg.txt: Invalid JSON format: Unable to find '{' or '}'.
2024-09-23 19:29:36,432 - ERROR - Error processing file RDApp-631093Harris018.jpg.txt: Invalid JSON format: Unable to find '{' or '}'.
2024-09-23 19:29:36,581 - ERROR - Error processing file RDApp-631093Harris003.jpg.txt: Invalid JSON format: Unable to find '{' or '}'.
2024-09-23 19:29:36,691 - ERROR - Error processing file RDApp-631093Harris020.jpg.txt: Invalid JSON format: Unable to find '{' or '}'.
2024-09-23 19:29:36,874 - ERROR - Error processing file RDApp-631093Harris021.jpg.txt: Invalid JSON format: Unable to find '{' or '}'.
2024-09-23 19:29:37,001 - ERROR - Error processing file RDApp-631093Harris008.jpg.txt: Invalid JSON format: Unable to find '{' or '}'.
2024-09-23 19:29:37,149 - ERROR - Error processing file RDApp-631093Harris025.jpg.txt: Invalid JSON format: Unable to find '{' or '}'.
2024-09-23 19:29:37,265 - ERROR - Error processing file RDApp-631093Harris009.jpg.txt: Invalid JSON format: Unable to find '{' or '}'.
2024-09-23 19:29:37,411 - ERROR - Error processing file RDApp-631093Harris013.jpg.txt: Invalid JSON format after cleaning.
2024-09-23 19:29:37,530 - ERROR - Error processing file RDApp-631093Harris010.jpg.txt: Invalid JSON format: Unable to find '{' or '}'.
2024-09-23 19:29:37,657 - ERROR - Error processing file RDApp-631093Harris017.jpg.txt: Invalid JSON format: Unable to find '{' or '}'.
2024-09-23 19:29:37,813 - ERROR - Error processing file RDApp-631093Harris006.jpg.txt: Invalid JSON format: Unable to find '{' or '}'.
2024-09-23 19:29:37,962 - ERROR - Error processing file RDApp-631093Harris005.jpg.txt: Invalid JSON format: Unable to find '{' or '}'.
2024-09-23 19:29:38,077 - ERROR - Error processing file RDApp-631093Harris004.jpg.txt: Invalid JSON format: Unable to find '{' or '}'.
2024-09-23 19:29:38,192 - ERROR - Error processing file RDApp-631093Harris024.jpg.txt: Invalid JSON format: Unable to find '{' or '}'.
2024-09-23 19:29:38,301 - ERROR - Error processing file RDApp-631093Harris016.jpg.txt: Invalid JSON format: Unable to find '{' or '}'.
2024-09-23 19:29:38,431 - ERROR - Error processing file RDApp-631093Harris015.jpg.txt: Invalid JSON format: Unable to find '{' or '}'.
2024-09-23 19:29:38,565 - ERROR - Error processing file RDApp-631093Harris001.jpg.txt: Invalid JSON format: Unable to find '{' or '}'.
2024-09-23 19:29:38,672 - ERROR - Error processing file RDApp-631093Harris022.jpg.txt: Invalid JSON format: Unable to find '{' or '}'.
2024-09-23 19:29:38,808 - ERROR - Error processing file RDApp-631094Donnelly019.jpg.txt: Invalid JSON format: Unable to find '{' or '}'.
2024-09-23 19:29:38,989 - ERROR - Error processing file RDApp-631094Donnelly003.jpg.txt: Invalid JSON format: Unable to find '{' or '}'.
2024-09-23 19:29:39,111 - ERROR - Error processing file RDApp-631094Donnelly002.jpg.txt: Invalid JSON format: Unable to find '{' or '}'.
2024-09-23 19:29:39,242 - ERROR - Error processing file RDApp-631094Donnelly022.jpg.txt: Invalid JSON format: Unable to find '{' or '}'.
2024-09-23 19:29:39,352 - ERROR - Error processing file RDApp-631094Donnelly001.jpg.txt: Invalid JSON format: Unable to find '{' or '}'.
2024-09-23 19:29:39,462 - ERROR - Error processing file RDApp-631094Donnelly007.jpg.txt: Invalid JSON format: Unable to find '{' or '}'.
2024-09-23 19:29:39,575 - ERROR - Error processing file RDApp-631094Donnelly008.jpg.txt: Invalid JSON format after cleaning.
2024-09-23 19:29:39,776 - ERROR - Error processing file RDApp-631094Donnelly016.jpg.txt: Invalid JSON format after cleaning.
2024-09-23 19:29:40,113 - ERROR - Error processing file RDApp-631094Donnelly017.jpg.txt: Invalid JSON format: Unable to find '{' or '}'.
2024-09-23 19:29:40,310 - ERROR - Error processing file RDApp-631094Donnelly020.jpg.txt: Invalid JSON format after cleaning.
2024-09-23 19:29:40,455 - ERROR - Error processing file RDApp-631094Donnelly013.jpg.txt: Invalid JSON format: Unable to find '{' or '}'.
2024-09-23 19:29:40,586 - ERROR - Error processing file RDApp-631094Donnelly018.jpg.txt: Invalid JSON format: Unable to find '{' or '}'.
2024-09-23 19:29:40,700 - ERROR - Error processing file RDApp-631094Donnelly012.jpg.txt: Invalid JSON format after cleaning.
2024-09-23 19:29:40,818 - ERROR - Error processing file RDApp-631094Donnelly021.jpg.txt: Invalid JSON format: Unable to find '{' or '}'.
2024-09-23 19:29:40,937 - ERROR - Error processing file RDApp-631094Donnelly005.jpg.txt: Invalid JSON format: Unable to find '{' or '}'.
2024-09-23 19:29:41,066 - ERROR - Error processing file RDApp-631094Donnelly011.jpg.txt: Invalid JSON format: Unable to find '{' or '}'.
2024-09-23 19:29:41,226 - ERROR - Error processing file RDApp-631094Donnelly014.jpg.txt: Invalid JSON format: Unable to find '{' or '}'.
2024-09-23 19:29:41,351 - ERROR - Error processing file RDApp-631094Donnelly015.jpg.txt: Invalid JSON format: Unable to find '{' or '}'.
2024-09-23 19:29:41,482 - ERROR - Error processing file RDApp-631094Donnelly024.jpg.txt: Invalid JSON format: Unable to find '{' or '}'.
2024-09-23 19:29:41,612 - ERROR - Error processing file RDApp-631094Donnelly009.jpg.txt: Invalid JSON format: Unable to find '{' or '}'.
2024-09-23 19:29:41,745 - ERROR - Error processing file RDApp-631094Donnelly023.jpg.txt: Invalid JSON format: Unable to find '{' or '}'.
2024-09-23 19:29:41,903 - ERROR - Error processing file RDApp-631094Donnelly006.jpg.txt: Invalid JSON format: Unable to find '{' or '}'.
2024-09-23 19:29:42,053 - ERROR - Error processing file RDApp-631094Donnelly010.jpg.txt: Invalid JSON format: Unable to find '{' or '}'.
2024-09-23 19:29:42,192 - ERROR - Error processing file RDApp-631094Donnelly004.jpg.txt: Invalid JSON format: Unable to find '{' or '}'.
2024-09-23 19:29:42,322 - ERROR - Error processing file RDApp-631109Kersten001.jpg.txt: Invalid JSON format: Unable to find '{' or '}'.
2024-09-23 19:29:42,433 - ERROR - Error processing file RDApp-631109Kersten002.jpg.txt: Invalid JSON format: Unable to find '{' or '}'.
2024-09-23 19:29:42,576 - ERROR - Error processing file RDApp-631109Kersten005.jpg.txt: Invalid JSON format: Unable to find '{' or '}'.
2024-09-23 19:29:42,686 - ERROR - Error processing file RDApp-631109Kersten003.jpg.txt: Invalid JSON format: Unable to find '{' or '}'.
2024-09-23 19:29:42,813 - ERROR - Error processing file RDApp-631109Kersten004.jpg.txt: Invalid JSON format: Unable to find '{' or '}'.
2024-09-23 19:29:42,941 - ERROR - Error processing file RDApp-631109Kersten006.jpg.txt: Invalid JSON format: Unable to find '{' or '}'.
2024-09-23 19:29:43,100 - ERROR - Error processing file RDApp-631077Johnson001.jpg.txt: Invalid JSON format: Unable to find '{' or '}'.
2024-09-23 19:29:43,228 - ERROR - Error processing file RDApp-631077Johnson004.jpg.txt: Invalid JSON format: Unable to find '{' or '}'.
2024-09-23 19:29:43,352 - ERROR - Error processing file RDApp-631077Johnson002.jpg.txt: Invalid JSON format: Unable to find '{' or '}'.
2024-09-23 19:29:43,470 - ERROR - Error processing file RDApp-631077Johnson005.jpg.txt: Invalid JSON format: Unable to find '{' or '}'.
2024-09-23 19:29:43,592 - ERROR - Error processing file RDApp-631077Johnson003.jpg.txt: Invalid JSON format: Unable to find '{' or '}'.
2024-09-23 19:29:43,754 - ERROR - Error processing file RDApp-630600Moore024.jpg.txt: Invalid JSON format: Unable to find '{' or '}'.
2024-09-23 19:29:43,921 - ERROR - Error processing file RDApp-630600Moore012.jpg.txt: Invalid JSON format: Unable to find '{' or '}'.
2024-09-23 19:29:44,076 - ERROR - Error processing file RDApp-630600Moore020.jpg.txt: Invalid JSON format: Unable to find '{' or '}'.
2024-09-23 19:29:44,241 - ERROR - Error processing file RDApp-630600Moore005.jpg.txt: Invalid JSON format: Unable to find '{' or '}'.
2024-09-23 19:29:44,394 - ERROR - Error processing file RDApp-630600Moore023.jpg.txt: Invalid JSON format after cleaning.
2024-09-23 19:29:44,559 - ERROR - Error processing file RDApp-630600Moore013.jpg.txt: Invalid JSON format: Unable to find '{' or '}'.
2024-09-23 19:29:44,718 - ERROR - Error processing file RDApp-630600Moore003.jpg.txt: Invalid JSON format: Unable to find '{' or '}'.
2024-09-23 19:29:44,934 - ERROR - Error processing file RDApp-630600Moore006.jpg.txt: Invalid JSON format: Unable to find '{' or '}'.
2024-09-23 19:29:45,102 - ERROR - Error processing file RDApp-630600Moore019.jpg.txt: Invalid JSON format: Unable to find '{' or '}'.
2024-09-23 19:29:45,280 - ERROR - Error processing file RDApp-630600Moore001.jpg.txt: Invalid JSON format: Unable to find '{' or '}'.
2024-09-23 19:29:45,521 - ERROR - Error processing file RDApp-630600Moore014.jpg.txt: Invalid JSON format: Unable to find '{' or '}'.
2024-09-23 19:29:45,796 - ERROR - Error processing file RDApp-630600Moore002.jpg.txt: Invalid JSON format: Unable to find '{' or '}'.
2024-09-23 19:29:46,020 - ERROR - Error processing file RDApp-630600Moore007.jpg.txt: Invalid JSON format: Unable to find '{' or '}'.
2024-09-23 19:29:46,226 - ERROR - Error processing file RDApp-630600Moore018.jpg.txt: Invalid JSON format: Unable to find '{' or '}'.
2024-09-23 19:29:46,386 - ERROR - Error processing file RDApp-630600Moore016.jpg.txt: Invalid JSON format: Unable to find '{' or '}'.
2024-09-23 19:29:46,602 - ERROR - Error processing file RDApp-630600Moore004.jpg.txt: Invalid JSON format: Unable to find '{' or '}'.
2024-09-23 19:29:46,769 - ERROR - Error processing file RDApp-630600Moore021.jpg.txt: Invalid JSON format: Unable to find '{' or '}'.
2024-09-23 19:29:46,908 - ERROR - Error processing file RDApp-630600Moore008.jpg.txt: Invalid JSON format: Unable to find '{' or '}'.
2024-09-23 19:29:47,168 - ERROR - Error processing file RDApp-630600Moore022.jpg.txt: Invalid JSON format: Unable to find '{' or '}'.
2024-09-23 19:29:47,300 - ERROR - Error processing file RDApp-630600Moore010.jpg.txt: Invalid JSON format: Unable to find '{' or '}'.
2024-09-23 19:29:47,452 - ERROR - Error processing file RDApp-630600Moore025.jpg.txt: Invalid JSON format: Unable to find '{' or '}'.
2024-09-23 19:29:47,605 - ERROR - Error processing file RDApp-630600Moore011.jpg.txt: Invalid JSON format: Unable to find '{' or '}'.
2024-09-23 19:29:47,776 - ERROR - Error processing file RDApp-630600Moore015.jpg.txt: Invalid JSON format: Unable to find '{' or '}'.
2024-09-23 19:29:48,040 - ERROR - Error processing file RDApp-630600Moore009.jpg.txt: Invalid JSON format: Unable to find '{' or '}'.
2024-09-23 19:29:48,460 - ERROR - Error processing file RDApp-630600Moore027.jpg.txt: Invalid JSON format after cleaning.
2024-09-23 19:29:48,637 - ERROR - Error processing file RDApp-630600Moore017.jpg.txt: Invalid JSON format: Unable to find '{' or '}'.
2024-09-23 19:29:48,905 - ERROR - Error processing file RDApp-630600Moore026.jpg.txt: Invalid JSON format: Unable to find '{' or '}'.
2024-09-23 19:29:49,111 - ERROR - Error processing file RDApp-631621Soltynski003.jpg.txt: Invalid JSON format: Unable to find '{' or '}'.
2024-09-23 19:29:49,256 - ERROR - Error processing file RDApp-631621Soltynski004.jpg.txt: Invalid JSON format: Unable to find '{' or '}'.
2024-09-23 19:29:49,420 - ERROR - Error processing file RDApp-631621Soltynski002.jpg.txt: Invalid JSON format: Unable to find '{' or '}'.
2024-09-23 19:29:49,668 - ERROR - Error processing file RDApp-631621Soltynski001.jpg.txt: Invalid JSON format: Unable to find '{' or '}'.
2024-09-23 19:29:49,858 - ERROR - Error processing file RDApp-631593Wolfe002.jpg.txt: Invalid JSON format: Unable to find '{' or '}'.
2024-09-23 19:29:50,105 - ERROR - Error processing file RDApp-631593Wolfe003.jpg.txt: Invalid JSON format: Unable to find '{' or '}'.
2024-09-23 19:29:50,275 - ERROR - Error processing file RDApp-631593Wolfe005.jpg.txt: Invalid JSON format: Unable to find '{' or '}'.
2024-09-23 19:29:50,457 - ERROR - Error processing file RDApp-631593Wolfe004.jpg.txt: Invalid JSON format: Unable to find '{' or '}'.
2024-09-23 19:29:50,767 - ERROR - Error processing file RDApp-631593Wolfe001.jpg.txt: Invalid JSON format: Unable to find '{' or '}'.
2024-09-23 19:29:51,247 - ERROR - Error processing file RDApp-631130Robbins001.jpg.txt: Invalid JSON format: Unable to find '{' or '}'.
2024-09-23 19:29:51,518 - ERROR - Error processing file RDApp-631130Robbins002.jpg.txt: Invalid JSON format: Unable to find '{' or '}'.
2024-09-23 19:29:51,739 - ERROR - Error processing file RDApp-631130Robbins004.jpg.txt: Invalid JSON format: Unable to find '{' or '}'.
2024-09-23 19:29:51,905 - ERROR - Error processing file RDApp-631130Robbins003.jpg.txt: Invalid JSON format: Unable to find '{' or '}'.
2024-09-23 19:29:52,067 - ERROR - Error processing file RDApp-631130Robbins005.jpg.txt: Invalid JSON format: Unable to find '{' or '}'.
2024-09-23 19:29:52,269 - ERROR - Error processing file RDApp-630595Cotner009.jpg.txt: Invalid JSON format: Unable to find '{' or '}'.
2024-09-23 19:29:52,420 - ERROR - Error processing file RDApp-630595Cotner002.jpg.txt: Invalid JSON format: Unable to find '{' or '}'.
2024-09-23 19:29:52,583 - ERROR - Error processing file RDApp-630595Cotner006.jpg.txt: Invalid JSON format: Unable to find '{' or '}'.
2024-09-23 19:29:52,804 - ERROR - Error processing file RDApp-630595Cotner007.jpg.txt: Invalid JSON format: Unable to find '{' or '}'.
2024-09-23 19:29:53,021 - ERROR - Error processing file RDApp-630595Cotner004.jpg.txt: Invalid JSON format: Unable to find '{' or '}'.
2024-09-23 19:29:53,224 - ERROR - Error processing file RDApp-630595Cotner001.jpg.txt: Invalid JSON format: Unable to find '{' or '}'.
2024-09-23 19:29:53,383 - ERROR - Error processing file RDApp-630595Cotner005.jpg.txt: Invalid JSON format: Unable to find '{' or '}'.
2024-09-23 19:29:53,654 - ERROR - Error processing file RDApp-630595Cotner003.jpg.txt: Invalid JSON format: Unable to find '{' or '}'.
2024-09-23 19:29:53,829 - ERROR - Error processing file RDApp-630595Cotner008.jpg.txt: Invalid JSON format: Unable to find '{' or '}'.
2024-09-23 19:29:54,018 - ERROR - Error processing file RDApp-631072Allen001.jpg.txt: Invalid JSON format: Unable to find '{' or '}'.
2024-09-23 19:29:54,184 - ERROR - Error processing file RDApp-631072Allen002.jpg.txt: Invalid JSON format after cleaning.
2024-09-23 19:29:54,329 - ERROR - Error processing file RDApp-631072Allen005.jpg.txt: Invalid JSON format: Unable to find '{' or '}'.
2024-09-23 19:29:54,629 - ERROR - Error processing file RDApp-631072Allen003.jpg.txt: Invalid JSON format: Unable to find '{' or '}'.
2024-09-23 19:29:54,846 - ERROR - Error processing file RDApp-631072Allen004.jpg.txt: Invalid JSON format: Unable to find '{' or '}'.
2024-09-23 19:29:55,170 - ERROR - Error processing file RDApp-631137Botkins005.jpg.txt: Invalid JSON format: Unable to find '{' or '}'.
2024-09-23 19:29:55,603 - ERROR - Error processing file RDApp-631137Botkins004.jpg.txt: Invalid JSON format: Unable to find '{' or '}'.
2024-09-23 19:29:55,810 - ERROR - Error processing file RDApp-631137Botkins003.jpg.txt: Invalid JSON format: Unable to find '{' or '}'.
2024-09-23 19:29:56,025 - ERROR - Error processing file RDApp-631137Botkins002.jpg.txt: Invalid JSON format: Unable to find '{' or '}'.
2024-09-23 19:29:56,296 - ERROR - Error processing file RDApp-631137Botkins001.jpg.txt: Invalid JSON format: Unable to find '{' or '}'.
2024-09-23 19:29:56,542 - ERROR - Error processing file RDApp-631071Lewis004.jpg.txt: Invalid JSON format: Unable to find '{' or '}'.
2024-09-23 19:29:56,835 - ERROR - Error processing file RDApp-631071Lewis005.jpg.txt: Invalid JSON format: Unable to find '{' or '}'.
